0 info it worked if it ends with ok
1 verbose cli [ '/usr/local/Cellar/node/4.1.1/bin/node',
1 verbose cli   '/usr/local/bin/npm',
1 verbose cli   'install',
1 verbose cli   '--save-dev',
1 verbose cli   'gulp-uglify' ]
2 info using npm@2.14.4
3 info using node@v4.1.1
4 verbose install initial load of /Users/youry/front-end/maltiojs/package.json
5 verbose installManyTop reading scoped package data from /Users/youry/front-end/maltiojs/node_modules/gulp/package.json
6 verbose installManyTop reading scoped package data from /Users/youry/front-end/maltiojs/node_modules/gulp-sass/package.json
7 verbose readDependencies loading dependencies from /Users/youry/front-end/maltiojs/package.json
8 silly cache add args [ 'gulp-uglify', null ]
9 verbose cache add spec gulp-uglify
10 silly cache add parsed spec Result {
10 silly cache add   raw: 'gulp-uglify',
10 silly cache add   scope: null,
10 silly cache add   name: 'gulp-uglify',
10 silly cache add   rawSpec: '',
10 silly cache add   spec: '*',
10 silly cache add   type: 'range' }
11 silly addNamed gulp-uglify@*
12 verbose addNamed "*" is a valid semver range for gulp-uglify
13 silly addNameRange { name: 'gulp-uglify', range: '*', hasData: false }
14 silly mapToRegistry name gulp-uglify
15 silly mapToRegistry using default registry
16 silly mapToRegistry registry http://registry.npmjs.org/
17 silly mapToRegistry uri http://registry.npmjs.org/gulp-uglify
18 verbose addNameRange registry:http://registry.npmjs.org/gulp-uglify not in flight; fetching
19 verbose request uri http://registry.npmjs.org/gulp-uglify
20 verbose request no auth needed
21 info attempt registry request try #1 at 10:54:23 PM
22 verbose request id 73176181bed3d286
23 verbose etag "D4COPFY88NOP4HB49326KD0RH"
24 http request GET http://registry.npmjs.org/gulp-uglify
25 http 200 http://registry.npmjs.org/gulp-uglify
26 silly get cb [ 200,
26 silly get   { server: 'CouchDB/1.5.0 (Erlang OTP/R16B03)',
26 silly get     etag: '"6JJ17UVJK3FJB90Q5MC4UXIYQ"',
26 silly get     'content-type': 'application/json',
26 silly get     'cache-control': 'max-age=300',
26 silly get     'content-length': '40932',
26 silly get     'accept-ranges': 'bytes',
26 silly get     date: 'Wed, 02 Mar 2016 01:54:24 GMT',
26 silly get     via: '1.1 varnish',
26 silly get     age: '120',
26 silly get     connection: 'keep-alive',
26 silly get     'x-served-by': 'cache-jfk1029-JFK',
26 silly get     'x-cache': 'HIT',
26 silly get     'x-cache-hits': '1',
26 silly get     'x-timer': 'S1456883664.237601,VS0,VE0',
26 silly get     vary: 'Accept' } ]
27 verbose get saving gulp-uglify to /Users/youry/.npm/registry.npmjs.org/gulp-uglify/.cache.json
28 silly addNameRange number 2 { name: 'gulp-uglify', range: '*', hasData: true }
29 silly addNameRange versions [ 'gulp-uglify',
29 silly addNameRange   [ '0.0.1',
29 silly addNameRange     '0.0.3',
29 silly addNameRange     '0.0.4',
29 silly addNameRange     '0.1.0',
29 silly addNameRange     '0.2.0',
29 silly addNameRange     '0.2.1',
29 silly addNameRange     '0.3.0',
29 silly addNameRange     '0.3.1',
29 silly addNameRange     '0.3.2',
29 silly addNameRange     '1.0.0-0',
29 silly addNameRange     '1.0.0',
29 silly addNameRange     '1.0.1',
29 silly addNameRange     '1.0.2',
29 silly addNameRange     '1.1.0',
29 silly addNameRange     '1.2.0',
29 silly addNameRange     '1.3.0',
29 silly addNameRange     '1.4.0',
29 silly addNameRange     '1.4.1',
29 silly addNameRange     '1.4.2',
29 silly addNameRange     '1.5.1',
29 silly addNameRange     '1.5.2',
29 silly addNameRange     '1.5.3' ] ]
30 silly addNamed gulp-uglify@1.5.3
31 verbose addNamed "1.5.3" is a plain semver version for gulp-uglify
32 silly mapToRegistry name gulp-uglify
33 silly mapToRegistry using default registry
34 silly mapToRegistry registry http://registry.npmjs.org/
35 silly mapToRegistry uri http://registry.npmjs.org/gulp-uglify
36 verbose addRemoteTarball http://registry.npmjs.org/gulp-uglify/-/gulp-uglify-1.5.3.tgz not in flight; adding
37 verbose addRemoteTarball [ 'http://registry.npmjs.org/gulp-uglify/-/gulp-uglify-1.5.3.tgz',
37 verbose addRemoteTarball   '60a00b3975aba4186442a494979e9dfa3f13d0d6' ]
38 info retry fetch attempt 1 at 10:54:26 PM
39 info attempt registry request try #1 at 10:54:26 PM
40 http fetch GET http://registry.npmjs.org/gulp-uglify/-/gulp-uglify-1.5.3.tgz
41 http fetch 200 http://registry.npmjs.org/gulp-uglify/-/gulp-uglify-1.5.3.tgz
42 silly fetchAndShaCheck shasum 60a00b3975aba4186442a494979e9dfa3f13d0d6
43 verbose addTmpTarball /var/folders/45/pj0545bn72bg0qnpznhq7cxr0000gn/T/npm-2093-f2ec0952/registry.npmjs.org/gulp-uglify/-/gulp-uglify-1.5.3.tgz not in flight; adding
44 verbose addTmpTarball already have metadata; skipping unpack for gulp-uglify@1.5.3
45 silly cache afterAdd gulp-uglify@1.5.3
46 verbose afterAdd /Users/youry/.npm/gulp-uglify/1.5.3/package/package.json not in flight; writing
47 verbose afterAdd /Users/youry/.npm/gulp-uglify/1.5.3/package/package.json written
48 silly install resolved [ { name: 'gulp-uglify',
48 silly install resolved     description: 'Minify files with UglifyJS.',
48 silly install resolved     version: '1.5.3',
48 silly install resolved     author: { name: 'Terin Stock', email: 'terinjokes@gmail.com' },
48 silly install resolved     bugs: { url: 'https://github.com/terinjokes/gulp-uglify/issues' },
48 silly install resolved     dependencies:
48 silly install resolved      { deap: '^1.0.0',
48 silly install resolved        'fancy-log': '^1.0.0',
48 silly install resolved        'gulp-util': '^3.0.0',
48 silly install resolved        isobject: '^2.0.0',
48 silly install resolved        through2: '^2.0.0',
48 silly install resolved        'uglify-js': '2.6.2',
48 silly install resolved        'uglify-save-license': '^0.4.1',
48 silly install resolved        'vinyl-sourcemaps-apply': '^0.2.0' },
48 silly install resolved     devDependencies:
48 silly install resolved      { cmem: '^1.0.0',
48 silly install resolved        coveralls: '^2.11.4',
48 silly install resolved        'gulp-concat': '^2.0.0',
48 silly install resolved        'gulp-sourcemaps': '^1.0.0',
48 silly install resolved        istanbul: '^0.4.0',
48 silly install resolved        tape: '^4.0.0',
48 silly install resolved        vinyl: '^1.0.0',
48 silly install resolved        xo: '^0.12.0' },
48 silly install resolved     homepage: 'https://github.com/terinjokes/gulp-uglify/',
48 silly install resolved     keywords: [ 'gulpplugin' ],
48 silly install resolved     license: 'MIT',
48 silly install resolved     main: 'index.js',
48 silly install resolved     repository:
48 silly install resolved      { type: 'git',
48 silly install resolved        url: 'git+https://github.com/terinjokes/gulp-uglify.git' },
48 silly install resolved     xo: { space: true },
48 silly install resolved     files: [ 'index.js', 'minifier.js', 'lib/' ],
48 silly install resolved     scripts:
48 silly install resolved      { test: 'xo && istanbul cover ./node_modules/tape/bin/tape test/*.js',
48 silly install resolved        coverage: 'cat ./coverage/lcov.info | coveralls' },
48 silly install resolved     gitHead: '1a3e6cbab0bab89f856450b160f2d1349f1a0ff7',
48 silly install resolved     _id: 'gulp-uglify@1.5.3',
48 silly install resolved     _shasum: '60a00b3975aba4186442a494979e9dfa3f13d0d6',
48 silly install resolved     _from: 'gulp-uglify@*',
48 silly install resolved     _npmVersion: '2.14.17',
48 silly install resolved     _nodeVersion: '4.3.0',
48 silly install resolved     _npmUser: { name: 'terinjokes', email: 'terinjokes@gmail.com' },
48 silly install resolved     dist:
48 silly install resolved      { shasum: '60a00b3975aba4186442a494979e9dfa3f13d0d6',
48 silly install resolved        tarball: 'http://registry.npmjs.org/gulp-uglify/-/gulp-uglify-1.5.3.tgz' },
48 silly install resolved     maintainers: [ [Object] ],
48 silly install resolved     _npmOperationalInternal:
48 silly install resolved      { host: 'packages-9-west.internal.npmjs.com',
48 silly install resolved        tmp: 'tmp/gulp-uglify-1.5.3.tgz_1456172275335_0.5384800920728594' },
48 silly install resolved     directories: {},
48 silly install resolved     _resolved: 'http://registry.npmjs.org/gulp-uglify/-/gulp-uglify-1.5.3.tgz' } ]
49 info install gulp-uglify@1.5.3 into /Users/youry/front-end/maltiojs
50 info installOne gulp-uglify@1.5.3
51 verbose installOne of gulp-uglify to /Users/youry/front-end/maltiojs not in flight; installing
52 verbose lock using /Users/youry/.npm/_locks/gulp-uglify-d0e4051bc570b5cf.lock for /Users/youry/front-end/maltiojs/node_modules/gulp-uglify
53 silly install write writing gulp-uglify 1.5.3 to /Users/youry/front-end/maltiojs/node_modules/gulp-uglify
54 verbose unbuild node_modules/gulp-uglify
55 silly gentlyRm /Users/youry/front-end/maltiojs/node_modules/gulp-uglify is being purged from base /Users/youry/front-end/maltiojs
56 verbose gentlyRm don't care about contents; nuking /Users/youry/front-end/maltiojs/node_modules/gulp-uglify
57 verbose tar unpack /Users/youry/.npm/gulp-uglify/1.5.3/package.tgz
58 verbose tar unpacking to /Users/youry/front-end/maltiojs/node_modules/gulp-uglify
59 silly gentlyRm /Users/youry/front-end/maltiojs/node_modules/gulp-uglify is being purged
60 verbose gentlyRm don't care about contents; nuking /Users/youry/front-end/maltiojs/node_modules/gulp-uglify
61 silly gunzTarPerm modes [ '755', '644' ]
62 silly gunzTarPerm extractEntry package.json
63 silly gunzTarPerm extractEntry README.md
64 silly gunzTarPerm extractEntry index.js
65 silly gunzTarPerm extractEntry minifier.js
66 silly gunzTarPerm extractEntry CHANGELOG.md
67 silly gunzTarPerm extractEntry LICENSE.md
68 silly gunzTarPerm extractEntry lib/createError.js
69 verbose write writing to /Users/youry/front-end/maltiojs/node_modules/gulp-uglify/package.json
70 info preinstall gulp-uglify@1.5.3
71 verbose readDependencies loading dependencies from /Users/youry/front-end/maltiojs/node_modules/gulp-uglify/package.json
72 silly prepareForInstallMany adding deap@^1.0.0 from gulp-uglify dependencies
73 silly prepareForInstallMany adding fancy-log@^1.0.0 from gulp-uglify dependencies
74 silly prepareForInstallMany adding gulp-util@^3.0.0 from gulp-uglify dependencies
75 silly prepareForInstallMany adding isobject@^2.0.0 from gulp-uglify dependencies
76 silly prepareForInstallMany adding through2@^2.0.0 from gulp-uglify dependencies
77 silly prepareForInstallMany adding uglify-js@2.6.2 from gulp-uglify dependencies
78 silly prepareForInstallMany adding uglify-save-license@^0.4.1 from gulp-uglify dependencies
79 silly prepareForInstallMany adding vinyl-sourcemaps-apply@^0.2.0 from gulp-uglify dependencies
80 verbose readDependencies loading dependencies from /Users/youry/front-end/maltiojs/node_modules/gulp-uglify/package.json
81 silly cache add args [ 'fancy-log@^1.0.0', null ]
82 verbose cache add spec fancy-log@^1.0.0
83 silly cache add parsed spec Result {
83 silly cache add   raw: 'fancy-log@^1.0.0',
83 silly cache add   scope: null,
83 silly cache add   name: 'fancy-log',
83 silly cache add   rawSpec: '^1.0.0',
83 silly cache add   spec: '>=1.0.0 <2.0.0',
83 silly cache add   type: 'range' }
84 silly addNamed fancy-log@>=1.0.0 <2.0.0
85 verbose addNamed ">=1.0.0 <2.0.0" is a valid semver range for fancy-log
86 silly addNameRange { name: 'fancy-log', range: '>=1.0.0 <2.0.0', hasData: false }
87 silly mapToRegistry name fancy-log
88 silly mapToRegistry using default registry
89 silly mapToRegistry registry http://registry.npmjs.org/
90 silly mapToRegistry uri http://registry.npmjs.org/fancy-log
91 verbose addNameRange registry:http://registry.npmjs.org/fancy-log not in flight; fetching
92 silly cache add args [ 'gulp-util@^3.0.0', null ]
93 verbose cache add spec gulp-util@^3.0.0
94 silly cache add parsed spec Result {
94 silly cache add   raw: 'gulp-util@^3.0.0',
94 silly cache add   scope: null,
94 silly cache add   name: 'gulp-util',
94 silly cache add   rawSpec: '^3.0.0',
94 silly cache add   spec: '>=3.0.0 <4.0.0',
94 silly cache add   type: 'range' }
95 silly addNamed gulp-util@>=3.0.0 <4.0.0
96 verbose addNamed ">=3.0.0 <4.0.0" is a valid semver range for gulp-util
97 silly addNameRange { name: 'gulp-util', range: '>=3.0.0 <4.0.0', hasData: false }
98 silly mapToRegistry name gulp-util
99 silly mapToRegistry using default registry
100 silly mapToRegistry registry http://registry.npmjs.org/
101 silly mapToRegistry uri http://registry.npmjs.org/gulp-util
102 verbose addNameRange registry:http://registry.npmjs.org/gulp-util not in flight; fetching
103 silly cache add args [ 'isobject@^2.0.0', null ]
104 verbose cache add spec isobject@^2.0.0
105 silly cache add parsed spec Result {
105 silly cache add   raw: 'isobject@^2.0.0',
105 silly cache add   scope: null,
105 silly cache add   name: 'isobject',
105 silly cache add   rawSpec: '^2.0.0',
105 silly cache add   spec: '>=2.0.0 <3.0.0',
105 silly cache add   type: 'range' }
106 silly addNamed isobject@>=2.0.0 <3.0.0
107 verbose addNamed ">=2.0.0 <3.0.0" is a valid semver range for isobject
108 silly addNameRange { name: 'isobject', range: '>=2.0.0 <3.0.0', hasData: false }
109 silly mapToRegistry name isobject
110 silly mapToRegistry using default registry
111 silly mapToRegistry registry http://registry.npmjs.org/
112 silly mapToRegistry uri http://registry.npmjs.org/isobject
113 verbose addNameRange registry:http://registry.npmjs.org/isobject not in flight; fetching
114 silly cache add args [ 'through2@^2.0.0', null ]
115 verbose cache add spec through2@^2.0.0
116 silly cache add parsed spec Result {
116 silly cache add   raw: 'through2@^2.0.0',
116 silly cache add   scope: null,
116 silly cache add   name: 'through2',
116 silly cache add   rawSpec: '^2.0.0',
116 silly cache add   spec: '>=2.0.0 <3.0.0',
116 silly cache add   type: 'range' }
117 silly addNamed through2@>=2.0.0 <3.0.0
118 verbose addNamed ">=2.0.0 <3.0.0" is a valid semver range for through2
119 silly addNameRange { name: 'through2', range: '>=2.0.0 <3.0.0', hasData: false }
120 silly mapToRegistry name through2
121 silly mapToRegistry using default registry
122 silly mapToRegistry registry http://registry.npmjs.org/
123 silly mapToRegistry uri http://registry.npmjs.org/through2
124 verbose addNameRange registry:http://registry.npmjs.org/through2 not in flight; fetching
125 silly cache add args [ 'uglify-js@2.6.2', null ]
126 verbose cache add spec uglify-js@2.6.2
127 silly cache add parsed spec Result {
127 silly cache add   raw: 'uglify-js@2.6.2',
127 silly cache add   scope: null,
127 silly cache add   name: 'uglify-js',
127 silly cache add   rawSpec: '2.6.2',
127 silly cache add   spec: '2.6.2',
127 silly cache add   type: 'version' }
128 silly addNamed uglify-js@2.6.2
129 verbose addNamed "2.6.2" is a plain semver version for uglify-js
130 silly mapToRegistry name uglify-js
131 silly mapToRegistry using default registry
132 silly mapToRegistry registry http://registry.npmjs.org/
133 silly mapToRegistry uri http://registry.npmjs.org/uglify-js
134 verbose addNameVersion registry:http://registry.npmjs.org/uglify-js not in flight; fetching
135 silly cache add args [ 'uglify-save-license@^0.4.1', null ]
136 verbose cache add spec uglify-save-license@^0.4.1
137 silly cache add parsed spec Result {
137 silly cache add   raw: 'uglify-save-license@^0.4.1',
137 silly cache add   scope: null,
137 silly cache add   name: 'uglify-save-license',
137 silly cache add   rawSpec: '^0.4.1',
137 silly cache add   spec: '>=0.4.1 <0.5.0',
137 silly cache add   type: 'range' }
138 silly addNamed uglify-save-license@>=0.4.1 <0.5.0
139 verbose addNamed ">=0.4.1 <0.5.0" is a valid semver range for uglify-save-license
140 silly addNameRange { name: 'uglify-save-license',
140 silly addNameRange   range: '>=0.4.1 <0.5.0',
140 silly addNameRange   hasData: false }
141 silly mapToRegistry name uglify-save-license
142 silly mapToRegistry using default registry
143 silly mapToRegistry registry http://registry.npmjs.org/
144 silly mapToRegistry uri http://registry.npmjs.org/uglify-save-license
145 verbose addNameRange registry:http://registry.npmjs.org/uglify-save-license not in flight; fetching
146 silly cache add args [ 'vinyl-sourcemaps-apply@^0.2.0', null ]
147 verbose cache add spec vinyl-sourcemaps-apply@^0.2.0
148 silly cache add parsed spec Result {
148 silly cache add   raw: 'vinyl-sourcemaps-apply@^0.2.0',
148 silly cache add   scope: null,
148 silly cache add   name: 'vinyl-sourcemaps-apply',
148 silly cache add   rawSpec: '^0.2.0',
148 silly cache add   spec: '>=0.2.0 <0.3.0',
148 silly cache add   type: 'range' }
149 silly addNamed vinyl-sourcemaps-apply@>=0.2.0 <0.3.0
150 verbose addNamed ">=0.2.0 <0.3.0" is a valid semver range for vinyl-sourcemaps-apply
151 silly addNameRange { name: 'vinyl-sourcemaps-apply',
151 silly addNameRange   range: '>=0.2.0 <0.3.0',
151 silly addNameRange   hasData: false }
152 silly mapToRegistry name vinyl-sourcemaps-apply
153 silly mapToRegistry using default registry
154 silly mapToRegistry registry http://registry.npmjs.org/
155 silly mapToRegistry uri http://registry.npmjs.org/vinyl-sourcemaps-apply
156 verbose addNameRange registry:http://registry.npmjs.org/vinyl-sourcemaps-apply not in flight; fetching
157 silly cache add args [ 'deap@^1.0.0', null ]
158 verbose cache add spec deap@^1.0.0
159 silly cache add parsed spec Result {
159 silly cache add   raw: 'deap@^1.0.0',
159 silly cache add   scope: null,
159 silly cache add   name: 'deap',
159 silly cache add   rawSpec: '^1.0.0',
159 silly cache add   spec: '>=1.0.0 <2.0.0',
159 silly cache add   type: 'range' }
160 silly addNamed deap@>=1.0.0 <2.0.0
161 verbose addNamed ">=1.0.0 <2.0.0" is a valid semver range for deap
162 silly addNameRange { name: 'deap', range: '>=1.0.0 <2.0.0', hasData: false }
163 silly mapToRegistry name deap
164 silly mapToRegistry using default registry
165 silly mapToRegistry registry http://registry.npmjs.org/
166 silly mapToRegistry uri http://registry.npmjs.org/deap
167 verbose addNameRange registry:http://registry.npmjs.org/deap not in flight; fetching
168 verbose request uri http://registry.npmjs.org/fancy-log
169 verbose request no auth needed
170 info attempt registry request try #1 at 10:54:26 PM
171 verbose etag "2PTIC4571NKOFPFT7IV21XLVD"
172 http request GET http://registry.npmjs.org/fancy-log
173 verbose request uri http://registry.npmjs.org/gulp-util
174 verbose request no auth needed
175 info attempt registry request try #1 at 10:54:26 PM
176 verbose etag "EFLQ9TFB7GOYG2ZXDK438JCBR"
177 http request GET http://registry.npmjs.org/gulp-util
178 verbose request uri http://registry.npmjs.org/through2
179 verbose request no auth needed
180 info attempt registry request try #1 at 10:54:26 PM
181 verbose etag "3LCMZ7AVZ4W1R9WECH25JP8L3"
182 http request GET http://registry.npmjs.org/through2
183 verbose request uri http://registry.npmjs.org/vinyl-sourcemaps-apply
184 verbose request no auth needed
185 info attempt registry request try #1 at 10:54:26 PM
186 verbose etag "2PZ6TMP6C2ZWEB6Z7ERJH323F"
187 http request GET http://registry.npmjs.org/vinyl-sourcemaps-apply
188 verbose request uri http://registry.npmjs.org/isobject
189 verbose request no auth needed
190 info attempt registry request try #1 at 10:54:26 PM
191 verbose etag "60Z8KBRIDS1K67N38X169DTMD"
192 http request GET http://registry.npmjs.org/isobject
193 verbose request uri http://registry.npmjs.org/deap
194 verbose request no auth needed
195 info attempt registry request try #1 at 10:54:26 PM
196 verbose etag "DA6BX5F512SENPPJX0XHVDYP1"
197 http request GET http://registry.npmjs.org/deap
198 verbose request uri http://registry.npmjs.org/uglify-js
199 verbose request no auth needed
200 info attempt registry request try #1 at 10:54:26 PM
201 verbose etag "CBLXUILJ2HTK5TK3BS1U8CUMC"
202 http request GET http://registry.npmjs.org/uglify-js
203 verbose request uri http://registry.npmjs.org/uglify-save-license
204 verbose request no auth needed
205 info attempt registry request try #1 at 10:54:26 PM
206 verbose etag "8VMNGPV64ZN2I8KWQQG89K5AI"
207 http request GET http://registry.npmjs.org/uglify-save-license
208 http 304 http://registry.npmjs.org/fancy-log
209 silly get cb [ 304,
209 silly get   { date: 'Wed, 02 Mar 2016 01:54:26 GMT',
209 silly get     via: '1.1 varnish',
209 silly get     'cache-control': 'max-age=300',
209 silly get     etag: '"2PTIC4571NKOFPFT7IV21XLVD"',
209 silly get     age: '44',
209 silly get     connection: 'keep-alive',
209 silly get     'x-served-by': 'cache-jfk1029-JFK',
209 silly get     'x-cache': 'HIT',
209 silly get     'x-cache-hits': '1',
209 silly get     'x-timer': 'S1456883666.501277,VS0,VE0',
209 silly get     vary: 'Accept' } ]
210 verbose etag http://registry.npmjs.org/fancy-log from cache
211 verbose get saving fancy-log to /Users/youry/.npm/registry.npmjs.org/fancy-log/.cache.json
212 silly addNameRange number 2 { name: 'fancy-log', range: '>=1.0.0 <2.0.0', hasData: true }
213 silly addNameRange versions [ 'fancy-log', [ '1.0.0', '1.1.0', '1.2.0' ] ]
214 silly addNamed fancy-log@1.2.0
215 verbose addNamed "1.2.0" is a plain semver version for fancy-log
216 silly cache afterAdd fancy-log@1.2.0
217 verbose afterAdd /Users/youry/.npm/fancy-log/1.2.0/package/package.json not in flight; writing
218 verbose afterAdd /Users/youry/.npm/fancy-log/1.2.0/package/package.json written
219 http 304 http://registry.npmjs.org/gulp-util
220 silly get cb [ 304,
220 silly get   { date: 'Wed, 02 Mar 2016 01:54:26 GMT',
220 silly get     via: '1.1 varnish',
220 silly get     'cache-control': 'max-age=300',
220 silly get     etag: '"EFLQ9TFB7GOYG2ZXDK438JCBR"',
220 silly get     age: '41',
220 silly get     connection: 'keep-alive',
220 silly get     'x-served-by': 'cache-jfk1050-JFK',
220 silly get     'x-cache': 'HIT',
220 silly get     'x-cache-hits': '3',
220 silly get     'x-timer': 'S1456883666.652648,VS0,VE0',
220 silly get     vary: 'Accept' } ]
221 verbose etag http://registry.npmjs.org/gulp-util from cache
222 verbose get saving gulp-util to /Users/youry/.npm/registry.npmjs.org/gulp-util/.cache.json
223 silly addNameRange number 2 { name: 'gulp-util', range: '>=3.0.0 <4.0.0', hasData: true }
224 silly addNameRange versions [ 'gulp-util',
224 silly addNameRange   [ '0.0.1',
224 silly addNameRange     '1.0.0',
224 silly addNameRange     '1.1.0',
224 silly addNameRange     '1.1.1',
224 silly addNameRange     '1.2.0',
224 silly addNameRange     '1.3.0',
224 silly addNameRange     '2.0.0',
224 silly addNameRange     '2.1.1',
224 silly addNameRange     '2.1.2',
224 silly addNameRange     '2.1.3',
224 silly addNameRange     '2.1.4',
224 silly addNameRange     '2.2.0',
224 silly addNameRange     '2.2.1',
224 silly addNameRange     '2.2.2',
224 silly addNameRange     '2.2.3',
224 silly addNameRange     '2.2.5',
224 silly addNameRange     '2.2.6',
224 silly addNameRange     '2.2.7',
224 silly addNameRange     '2.2.8',
224 silly addNameRange     '2.2.9',
224 silly addNameRange     '2.2.10',
224 silly addNameRange     '2.2.11',
224 silly addNameRange     '2.2.12',
224 silly addNameRange     '2.2.13',
224 silly addNameRange     '2.2.14',
224 silly addNameRange     '2.2.15',
224 silly addNameRange     '2.2.16',
224 silly addNameRange     '2.2.17',
224 silly addNameRange     '2.2.18',
224 silly addNameRange     '2.2.19',
224 silly addNameRange     '2.2.20',
224 silly addNameRange     '3.0.0',
224 silly addNameRange     '3.0.1',
224 silly addNameRange     '3.0.2',
224 silly addNameRange     '3.0.3',
224 silly addNameRange     '3.0.4',
224 silly addNameRange     '3.0.5',
224 silly addNameRange     '3.0.6',
224 silly addNameRange     '3.0.7' ] ]
225 silly addNamed gulp-util@3.0.7
226 verbose addNamed "3.0.7" is a plain semver version for gulp-util
227 http 304 http://registry.npmjs.org/vinyl-sourcemaps-apply
228 silly get cb [ 304,
228 silly get   { date: 'Wed, 02 Mar 2016 01:54:26 GMT',
228 silly get     via: '1.1 varnish',
228 silly get     'cache-control': 'max-age=300',
228 silly get     etag: '"2PZ6TMP6C2ZWEB6Z7ERJH323F"',
228 silly get     age: '80',
228 silly get     connection: 'keep-alive',
228 silly get     'x-served-by': 'cache-jfk1032-JFK',
228 silly get     'x-cache': 'HIT',
228 silly get     'x-cache-hits': '1',
228 silly get     'x-timer': 'S1456883666.656710,VS0,VE0',
228 silly get     vary: 'Accept' } ]
229 verbose etag http://registry.npmjs.org/vinyl-sourcemaps-apply from cache
230 verbose get saving vinyl-sourcemaps-apply to /Users/youry/.npm/registry.npmjs.org/vinyl-sourcemaps-apply/.cache.json
231 silly cache afterAdd gulp-util@3.0.7
232 verbose afterAdd /Users/youry/.npm/gulp-util/3.0.7/package/package.json not in flight; writing
233 http 304 http://registry.npmjs.org/through2
234 silly get cb [ 304,
234 silly get   { date: 'Wed, 02 Mar 2016 01:54:26 GMT',
234 silly get     via: '1.1 varnish',
234 silly get     'cache-control': 'max-age=300',
234 silly get     etag: '"3LCMZ7AVZ4W1R9WECH25JP8L3"',
234 silly get     age: '27',
234 silly get     connection: 'keep-alive',
234 silly get     'x-served-by': 'cache-jfk1049-JFK',
234 silly get     'x-cache': 'HIT',
234 silly get     'x-cache-hits': '1',
234 silly get     'x-timer': 'S1456883666.661810,VS0,VE0',
234 silly get     vary: 'Accept' } ]
235 verbose etag http://registry.npmjs.org/through2 from cache
236 verbose get saving through2 to /Users/youry/.npm/registry.npmjs.org/through2/.cache.json
237 silly addNameRange number 2 { name: 'vinyl-sourcemaps-apply',
237 silly addNameRange   range: '>=0.2.0 <0.3.0',
237 silly addNameRange   hasData: true }
238 silly addNameRange versions [ 'vinyl-sourcemaps-apply',
238 silly addNameRange   [ '0.1.0', '0.1.1', '0.1.2', '0.1.3', '0.1.4', '0.2.0', '0.2.1' ] ]
239 silly addNamed vinyl-sourcemaps-apply@0.2.1
240 verbose addNamed "0.2.1" is a plain semver version for vinyl-sourcemaps-apply
241 verbose afterAdd /Users/youry/.npm/gulp-util/3.0.7/package/package.json written
242 http 304 http://registry.npmjs.org/deap
243 silly get cb [ 304,
243 silly get   { date: 'Wed, 02 Mar 2016 01:54:26 GMT',
243 silly get     via: '1.1 varnish',
243 silly get     'cache-control': 'max-age=300',
243 silly get     etag: '"DA6BX5F512SENPPJX0XHVDYP1"',
243 silly get     age: '181',
243 silly get     connection: 'keep-alive',
243 silly get     'x-served-by': 'cache-jfk1046-JFK',
243 silly get     'x-cache': 'HIT',
243 silly get     'x-cache-hits': '2',
243 silly get     'x-timer': 'S1456883666.664282,VS0,VE0',
243 silly get     vary: 'Accept' } ]
244 verbose etag http://registry.npmjs.org/deap from cache
245 verbose get saving deap to /Users/youry/.npm/registry.npmjs.org/deap/.cache.json
246 silly cache afterAdd vinyl-sourcemaps-apply@0.2.1
247 verbose afterAdd /Users/youry/.npm/vinyl-sourcemaps-apply/0.2.1/package/package.json not in flight; writing
248 silly addNameRange number 2 { name: 'through2', range: '>=2.0.0 <3.0.0', hasData: true }
249 silly addNameRange versions [ 'through2',
249 silly addNameRange   [ '0.0.0',
249 silly addNameRange     '0.0.1',
249 silly addNameRange     '0.0.2',
249 silly addNameRange     '0.0.3',
249 silly addNameRange     '0.0.4',
249 silly addNameRange     '0.0.5',
249 silly addNameRange     '0.1.0',
249 silly addNameRange     '0.2.0',
249 silly addNameRange     '0.2.1',
249 silly addNameRange     '0.2.2',
249 silly addNameRange     '0.2.3',
249 silly addNameRange     '0.3.0',
249 silly addNameRange     '0.4.0',
249 silly addNameRange     '0.4.1',
249 silly addNameRange     '1.0.0',
249 silly addNameRange     '0.4.2',
249 silly addNameRange     '0.5.0',
249 silly addNameRange     '0.5.1',
249 silly addNameRange     '0.6.0',
249 silly addNameRange     '1.1.0',
249 silly addNameRange     '0.6.1',
249 silly addNameRange     '1.1.1',
249 silly addNameRange     '0.6.2',
249 silly addNameRange     '0.6.3',
249 silly addNameRange     '0.6.4',
249 silly addNameRange     '0.6.5',
249 silly addNameRange     '2.0.0',
249 silly addNameRange     '2.0.1' ] ]
250 silly addNamed through2@2.0.1
251 verbose addNamed "2.0.1" is a plain semver version for through2
252 verbose afterAdd /Users/youry/.npm/vinyl-sourcemaps-apply/0.2.1/package/package.json written
253 silly cache afterAdd through2@2.0.1
254 verbose afterAdd /Users/youry/.npm/through2/2.0.1/package/package.json not in flight; writing
255 http 304 http://registry.npmjs.org/isobject
256 silly get cb [ 304,
256 silly get   { date: 'Wed, 02 Mar 2016 01:54:26 GMT',
256 silly get     via: '1.1 varnish',
256 silly get     'cache-control': 'max-age=300',
256 silly get     etag: '"60Z8KBRIDS1K67N38X169DTMD"',
256 silly get     age: '34',
256 silly get     connection: 'keep-alive',
256 silly get     'x-served-by': 'cache-jfk1046-JFK',
256 silly get     'x-cache': 'HIT',
256 silly get     'x-cache-hits': '2',
256 silly get     'x-timer': 'S1456883666.668660,VS0,VE0',
256 silly get     vary: 'Accept' } ]
257 verbose etag http://registry.npmjs.org/isobject from cache
258 verbose get saving isobject to /Users/youry/.npm/registry.npmjs.org/isobject/.cache.json
259 silly addNameRange number 2 { name: 'deap', range: '>=1.0.0 <2.0.0', hasData: true }
260 silly addNameRange versions [ 'deap',
260 silly addNameRange   [ '0.1.0', '0.1.1', '0.1.2', '0.2.0', '0.2.1', '0.2.2', '1.0.0' ] ]
261 silly addNamed deap@1.0.0
262 verbose addNamed "1.0.0" is a plain semver version for deap
263 verbose afterAdd /Users/youry/.npm/through2/2.0.1/package/package.json written
264 silly cache afterAdd deap@1.0.0
265 verbose afterAdd /Users/youry/.npm/deap/1.0.0/package/package.json not in flight; writing
266 silly addNameRange number 2 { name: 'isobject', range: '>=2.0.0 <3.0.0', hasData: true }
267 silly addNameRange versions [ 'isobject',
267 silly addNameRange   [ '0.1.0', '0.1.1', '0.2.0', '1.0.0', '1.0.1', '1.0.2', '2.0.0' ] ]
268 silly addNamed isobject@2.0.0
269 verbose addNamed "2.0.0" is a plain semver version for isobject
270 verbose afterAdd /Users/youry/.npm/deap/1.0.0/package/package.json written
271 silly cache afterAdd isobject@2.0.0
272 verbose afterAdd /Users/youry/.npm/isobject/2.0.0/package/package.json not in flight; writing
273 verbose afterAdd /Users/youry/.npm/isobject/2.0.0/package/package.json written
274 http 200 http://registry.npmjs.org/uglify-save-license
275 silly get cb [ 200,
275 silly get   { server: 'CouchDB/1.5.0 (Erlang OTP/R16B03)',
275 silly get     etag: '"9HPP8TGVIAX8FHGZJPDBE85AT"',
275 silly get     'content-type': 'application/json',
275 silly get     'cache-control': 'max-age=300',
275 silly get     'content-length': '24184',
275 silly get     'accept-ranges': 'bytes',
275 silly get     date: 'Wed, 02 Mar 2016 01:54:26 GMT',
275 silly get     via: '1.1 varnish',
275 silly get     age: '80',
275 silly get     connection: 'keep-alive',
275 silly get     'x-served-by': 'cache-jfk1042-JFK',
275 silly get     'x-cache': 'HIT',
275 silly get     'x-cache-hits': '1',
275 silly get     'x-timer': 'S1456883666.675501,VS0,VE0',
275 silly get     vary: 'Accept' } ]
276 verbose get saving uglify-save-license to /Users/youry/.npm/registry.npmjs.org/uglify-save-license/.cache.json
277 silly addNameRange number 2 { name: 'uglify-save-license',
277 silly addNameRange   range: '>=0.4.1 <0.5.0',
277 silly addNameRange   hasData: true }
278 silly addNameRange versions [ 'uglify-save-license',
278 silly addNameRange   [ '0.0.1',
278 silly addNameRange     '0.0.2',
278 silly addNameRange     '0.0.3',
278 silly addNameRange     '0.1.0',
278 silly addNameRange     '0.1.1',
278 silly addNameRange     '0.1.2',
278 silly addNameRange     '0.1.3',
278 silly addNameRange     '0.1.4',
278 silly addNameRange     '0.1.5',
278 silly addNameRange     '0.2.1',
278 silly addNameRange     '0.2.2',
278 silly addNameRange     '0.3.0',
278 silly addNameRange     '0.4.0',
278 silly addNameRange     '0.4.1' ] ]
279 silly addNamed uglify-save-license@0.4.1
280 verbose addNamed "0.4.1" is a plain semver version for uglify-save-license
281 silly cache afterAdd uglify-save-license@0.4.1
282 verbose afterAdd /Users/youry/.npm/uglify-save-license/0.4.1/package/package.json not in flight; writing
283 verbose afterAdd /Users/youry/.npm/uglify-save-license/0.4.1/package/package.json written
284 http 200 http://registry.npmjs.org/uglify-js
285 silly get cb [ 200,
285 silly get   { server: 'CouchDB/1.5.0 (Erlang OTP/R16B03)',
285 silly get     etag: '"4G29QUP30XXKR0QF6MD4M4ZF3"',
285 silly get     'content-type': 'application/json',
285 silly get     'cache-control': 'max-age=300',
285 silly get     'content-length': '106031',
285 silly get     'accept-ranges': 'bytes',
285 silly get     date: 'Wed, 02 Mar 2016 01:54:26 GMT',
285 silly get     via: '1.1 varnish',
285 silly get     age: '93',
285 silly get     connection: 'keep-alive',
285 silly get     'x-served-by': 'cache-jfk1032-JFK',
285 silly get     'x-cache': 'HIT',
285 silly get     'x-cache-hits': '9',
285 silly get     'x-timer': 'S1456883666.671939,VS0,VE0',
285 silly get     vary: 'Accept' } ]
286 verbose get saving uglify-js to /Users/youry/.npm/registry.npmjs.org/uglify-js/.cache.json
287 silly mapToRegistry name uglify-js
288 silly mapToRegistry using default registry
289 silly mapToRegistry registry http://registry.npmjs.org/
290 silly mapToRegistry uri http://registry.npmjs.org/uglify-js
291 verbose addRemoteTarball http://registry.npmjs.org/uglify-js/-/uglify-js-2.6.2.tgz not in flight; adding
292 verbose addRemoteTarball [ 'http://registry.npmjs.org/uglify-js/-/uglify-js-2.6.2.tgz',
292 verbose addRemoteTarball   'f50be88a42cd396a6251dc52ab372f71cc12fef0' ]
293 info retry fetch attempt 1 at 10:54:49 PM
294 info attempt registry request try #1 at 10:54:49 PM
295 http fetch GET http://registry.npmjs.org/uglify-js/-/uglify-js-2.6.2.tgz
296 http fetch 503 http://registry.npmjs.org/uglify-js/-/uglify-js-2.6.2.tgz
297 info retry will retry, error on last attempt: Error: server error 503
298 info attempt registry request try #2 at 10:55:14 PM
299 http fetch GET http://registry.npmjs.org/uglify-js/-/uglify-js-2.6.2.tgz
300 http fetch 503 http://registry.npmjs.org/uglify-js/-/uglify-js-2.6.2.tgz
301 info retry will retry, error on last attempt: Error: server error 503
302 info attempt registry request try #3 at 10:56:20 PM
303 http fetch GET http://registry.npmjs.org/uglify-js/-/uglify-js-2.6.2.tgz
304 http fetch 503 http://registry.npmjs.org/uglify-js/-/uglify-js-2.6.2.tgz
305 error fetch failed http://registry.npmjs.org/uglify-js/-/uglify-js-2.6.2.tgz
306 warn retry will retry, error on last attempt: Error: fetch failed with status code 503
307 info retry fetch attempt 2 at 10:56:30 PM
308 info attempt registry request try #1 at 10:56:30 PM
309 http fetch GET http://registry.npmjs.org/uglify-js/-/uglify-js-2.6.2.tgz
310 http fetch 503 http://registry.npmjs.org/uglify-js/-/uglify-js-2.6.2.tgz
311 info retry will retry, error on last attempt: Error: server error 503
312 info attempt registry request try #2 at 10:56:40 PM
313 http fetch GET http://registry.npmjs.org/uglify-js/-/uglify-js-2.6.2.tgz
314 http fetch 503 http://registry.npmjs.org/uglify-js/-/uglify-js-2.6.2.tgz
315 info retry will retry, error on last attempt: Error: server error 503
316 info attempt registry request try #3 at 10:57:40 PM
317 http fetch GET http://registry.npmjs.org/uglify-js/-/uglify-js-2.6.2.tgz
318 http fetch 503 http://registry.npmjs.org/uglify-js/-/uglify-js-2.6.2.tgz
319 error fetch failed http://registry.npmjs.org/uglify-js/-/uglify-js-2.6.2.tgz
320 warn retry will retry, error on last attempt: Error: fetch failed with status code 503
321 info retry fetch attempt 3 at 10:58:41 PM
322 info attempt registry request try #1 at 10:58:41 PM
323 http fetch GET http://registry.npmjs.org/uglify-js/-/uglify-js-2.6.2.tgz
324 http fetch 503 http://registry.npmjs.org/uglify-js/-/uglify-js-2.6.2.tgz
325 info retry will retry, error on last attempt: Error: server error 503
326 info attempt registry request try #2 at 10:58:51 PM
327 http fetch GET http://registry.npmjs.org/uglify-js/-/uglify-js-2.6.2.tgz
328 http fetch 503 http://registry.npmjs.org/uglify-js/-/uglify-js-2.6.2.tgz
329 info retry will retry, error on last attempt: Error: server error 503
330 info attempt registry request try #3 at 10:59:51 PM
331 http fetch GET http://registry.npmjs.org/uglify-js/-/uglify-js-2.6.2.tgz
332 error fetch failed http://registry.npmjs.org/uglify-js/-/uglify-js-2.6.2.tgz
333 verbose about to build /Users/youry/front-end/maltiojs/node_modules/gulp-uglify
334 verbose unlock done using /Users/youry/.npm/_locks/gulp-uglify-d0e4051bc570b5cf.lock for /Users/youry/front-end/maltiojs/node_modules/gulp-uglify
335 verbose stack Error: write EADDRNOTAVAIL
335 verbose stack     at Object.exports._errnoException (util.js:837:11)
335 verbose stack     at exports._exceptionWithHostPort (util.js:860:20)
335 verbose stack     at WriteWrap.afterWrite (net.js:760:14)
336 verbose cwd /Users/youry/front-end/maltiojs
337 error Darwin 15.2.0
338 error argv "/usr/local/Cellar/node/4.1.1/bin/node" "/usr/local/bin/npm" "install" "--save-dev" "gulp-uglify"
339 error node v4.1.1
340 error npm  v2.14.4
341 error code EADDRNOTAVAIL
342 error errno EADDRNOTAVAIL
343 error syscall write
344 error write EADDRNOTAVAIL
345 error If you need help, you may report this error at:
345 error     <https://github.com/npm/npm/issues>
346 verbose exit [ 1, true ]
347 verbose unbuild node_modules/gulp-uglify
348 info preuninstall gulp-uglify@1.5.3
349 info uninstall gulp-uglify@1.5.3
350 verbose unbuild rmStuff gulp-uglify@1.5.3 from /Users/youry/front-end/maltiojs/node_modules
351 info postuninstall gulp-uglify@1.5.3
352 silly gentlyRm /Users/youry/front-end/maltiojs/node_modules/gulp-uglify is being purged from base /Users/youry/front-end/maltiojs
353 verbose gentlyRm don't care about contents; nuking /Users/youry/front-end/maltiojs/node_modules/gulp-uglify
354 silly vacuum-fs purging /Users/youry/front-end/maltiojs/node_modules/gulp-uglify
355 silly vacuum-fs quitting because other entries in /Users/youry/front-end/maltiojs/node_modules
